twa/android/wear-build/app/build/intermediates/manifest_merge_blame_file/release/processReleaseMainManifest/manifest-merger-blame-release-report.txt
1<?xml version="1.0" encoding="utf-8"?>
2<manifest xmlns:android="http://schemas.android.com/apk/res/android"
3    package="ae.servia.wear"
4    android:versionCode="11"
5    android:versionName="1.24.192" >
6
7    <uses-sdk
8        android:minSdkVersion="26"
9        android:targetSdkVersion="34" />
10
11    <uses-feature android:name="android.hardware.type.watch" />
11-->src/main/AndroidManifest.xml:4:5-64
11-->src/main/AndroidManifest.xml:4:19-61
12
13    <uses-permission android:name="android.permission.INTERNET" />
13-->src/main/AndroidManifest.xml:6:5-67
13-->src/main/AndroidManifest.xml:6:22-64
14    <uses-permission android:name="android.permission.ACCESS_NETWORK_STATE" />
14-->src/main/AndroidManifest.xml:7:5-79
14-->src/main/AndroidManifest.xml:7:22-76
15    <uses-permission android:name="android.permission.WAKE_LOCK" />
15-->src/main/AndroidManifest.xml:8:5-68
15-->src/main/AndroidManifest.xml:8:22-65
16    <uses-permission android:name="android.permission.VIBRATE" />
16-->src/main/AndroidManifest.xml:9:5-66
16-->src/main/AndroidManifest.xml:9:22-63
17    <uses-permission android:name="android.permission.POST_NOTIFICATIONS" />
17-->src/main/AndroidManifest.xml:10:5-77
17-->src/main/AndroidManifest.xml:10:22-74
18    <!-- Wearable Data Layer requires foreground service when listening -->
19    <uses-permission android:name="android.permission.FOREGROUND_SERVICE" />
19-->src/main/AndroidManifest.xml:12:5-77
19-->src/main/AndroidManifest.xml:12:22-74
20    <!-- Recovery one-tap (v1.24.1): real GPS + dial-vendor button -->
21    <uses-permission android:name="android.permission.ACCESS_FINE_LOCATION" />
21-->src/main/AndroidManifest.xml:14:5-79
21-->src/main/AndroidManifest.xml:14:22-76
22    <uses-permission android:name="android.permission.ACCESS_COARSE_LOCATION" />
22-->src/main/AndroidManifest.xml:15:5-81
22-->src/main/AndroidManifest.xml:15:22-78
23    <uses-permission android:name="android.permission.CALL_PHONE" />
23-->src/main/AndroidManifest.xml:16:5-69
23-->src/main/AndroidManifest.xml:16:22-66
24    <!-- Voice assistant (v1.24.2): mic + speak-back -->
25    <uses-permission android:name="android.permission.RECORD_AUDIO" />
25-->src/main/AndroidManifest.xml:18:5-71
25-->src/main/AndroidManifest.xml:18:22-68
26    <!-- v1.24.35: watch NFC — works on Galaxy Watch 4+, Pixel Watch, Wear OS 3+ -->
27    <uses-permission android:name="android.permission.NFC" />
27-->src/main/AndroidManifest.xml:20:5-62
27-->src/main/AndroidManifest.xml:20:22-59
28
29    <uses-feature
29-->src/main/AndroidManifest.xml:21:5-82
30        android:name="android.hardware.nfc"
30-->src/main/AndroidManifest.xml:21:19-54
31        android:required="false" />
31-->src/main/AndroidManifest.xml:21:55-79
32    <uses-feature
32-->src/main/AndroidManifest.xml:22:5-89
33        android:name="android.hardware.microphone"
33-->src/main/AndroidManifest.xml:22:19-61
34        android:required="false" />
34-->src/main/AndroidManifest.xml:22:62-86
35    <uses-feature
35-->src/main/AndroidManifest.xml:23:5-91
36        android:name="android.hardware.location.gps"
36-->src/main/AndroidManifest.xml:23:19-63
37        android:required="false" />
37-->src/main/AndroidManifest.xml:23:64-88
38
39    <queries>
39-->[androidx.wear.tiles:tiles:1.4.1] AndroidManifest.xml:7:5-11:15
40        <intent>
40-->[androidx.wear.tiles:tiles:1.4.1] AndroidManifest.xml:8:9-10:18
41            <action android:name="androidx.wear.tiles.action.BIND_UPDATE_REQUESTER" />
41-->[androidx.wear.tiles:tiles:1.4.1] AndroidManifest.xml:9:13-87
41-->[androidx.wear.tiles:tiles:1.4.1] AndroidManifest.xml:9:21-84
42        </intent>
43        <intent>
43-->[androidx.wear.watchface:watchface:1.2.1] AndroidManifest.xml:23:9-27:18
44
45            <!-- Needed to have visibility on complication data sources installed on the device. -->
46            <action android:name="android.support.wearable.complications.ACTION_COMPLICATION_UPDATE_REQUEST" />
46-->[androidx.wear.watchface:watchface:1.2.1] AndroidManifest.xml:26:13-112
46-->[androidx.wear.watchface:watchface:1.2.1] AndroidManifest.xml:26:21-109
47        </intent>
48        <intent>
48-->[androidx.wear.watchface:watchface:1.2.1] AndroidManifest.xml:28:9-34:18
49
50            <!-- Needed to have visibility on launcher items to handle app shortcuts in complications. -->
51            <action android:name="android.intent.action.MAIN" />
51-->src/main/AndroidManifest.xml:42:17-69
51-->src/main/AndroidManifest.xml:42:25-66
52
53            <category android:name="android.intent.category.LAUNCHER" />
53-->src/main/AndroidManifest.xml:43:17-77
53-->src/main/AndroidManifest.xml:43:27-74
54        </intent>
55    </queries>
56
57    <uses-permission android:name="com.google.android.wearable.permission.BIND_WATCH_FACE_CONTROL" />
57-->[androidx.wear.watchface:watchface-client:1.2.1] AndroidManifest.xml:22:5-102
57-->[androidx.wear.watchface:watchface-client:1.2.1] AndroidManifest.xml:22:22-99
58
59    <application
59-->src/main/AndroidManifest.xml:25:5-1204:19
60        android:allowBackup="true"
60-->src/main/AndroidManifest.xml:29:9-35
61        android:appComponentFactory="androidx.core.app.CoreComponentFactory"
61-->[androidx.core:core:1.8.0] AndroidManifest.xml:24:18-86
62        android:extractNativeLibs="false"
63        android:icon="@mipmap/wear_ic_launcher"
63-->src/main/AndroidManifest.xml:27:9-48
64        android:label="@string/wear_app_name"
64-->src/main/AndroidManifest.xml:26:9-46
65        android:supportsRtl="true"
65-->src/main/AndroidManifest.xml:30:9-35
66        android:theme="@android:style/Theme.DeviceDefault" >
66-->src/main/AndroidManifest.xml:28:9-59
67        <meta-data
67-->src/main/AndroidManifest.xml:32:9-34:36
68            android:name="com.google.android.wearable.standalone"
68-->src/main/AndroidManifest.xml:33:13-66
69            android:value="true" />
69-->src/main/AndroidManifest.xml:34:13-33
70
71        <activity
71-->src/main/AndroidManifest.xml:36:9-45:20
72            android:name="ae.servia.wear.MainActivity"
72-->src/main/AndroidManifest.xml:37:13-55
73            android:exported="true"
73-->src/main/AndroidManifest.xml:38:13-36
74            android:label="@string/wear_app_name"
74-->src/main/AndroidManifest.xml:39:13-50
75            android:theme="@android:style/Theme.DeviceDefault.Light" >
75-->src/main/AndroidManifest.xml:40:13-69
76            <intent-filter>
76-->src/main/AndroidManifest.xml:41:13-44:29
77                <action android:name="android.intent.action.MAIN" />
77-->src/main/AndroidManifest.xml:42:17-69
77-->src/main/AndroidManifest.xml:42:25-66
78
79                <category android:name="android.intent.category.LAUNCHER" />
79-->src/main/AndroidManifest.xml:43:17-77
79-->src/main/AndroidManifest.xml:43:27-74
80            </intent-filter>
81        </activity>
82        <activity
82-->src/main/AndroidManifest.xml:46:9-48:46
83            android:name="ae.servia.wear.BookingTrackActivity"
83-->src/main/AndroidManifest.xml:46:19-69
84            android:exported="false"
84-->src/main/AndroidManifest.xml:47:19-43
85            android:label="Bookings" />
85-->src/main/AndroidManifest.xml:48:19-43
86        <activity
86-->src/main/AndroidManifest.xml:49:9-51:48
87            android:name="ae.servia.wear.QuickBookActivity"
87-->src/main/AndroidManifest.xml:49:19-66
88            android:exported="false"
88-->src/main/AndroidManifest.xml:50:19-43
89            android:label="Quick book" />
89-->src/main/AndroidManifest.xml:51:19-45
90        <activity
90-->src/main/AndroidManifest.xml:52:9-54:43
91            android:name="ae.servia.wear.QuoteActivity"
91-->src/main/AndroidManifest.xml:52:19-62
92            android:exported="false"
92-->src/main/AndroidManifest.xml:53:19-43
93            android:label="Quote" />
93-->src/main/AndroidManifest.xml:54:19-40
94        <activity
94-->src/main/AndroidManifest.xml:55:9-57:42
95            android:name="ae.servia.wear.ChatActivity"
95-->src/main/AndroidManifest.xml:55:19-61
96            android:exported="false"
96-->src/main/AndroidManifest.xml:56:19-43
97            android:label="Chat" />
97-->src/main/AndroidManifest.xml:57:19-39
98        <!-- v1.24.2: Servia voice assistant (mic-on-launch chat) -->
99        <activity
99-->src/main/AndroidManifest.xml:59:9-67:20
100            android:name="ae.servia.wear.VoiceAssistantActivity"
100-->src/main/AndroidManifest.xml:59:19-71
101            android:exported="true"
101-->src/main/AndroidManifest.xml:60:19-42
102            android:label="Servia voice"
102-->src/main/AndroidManifest.xml:61:19-47
103            android:theme="@android:style/Theme.DeviceDefault.NoActionBar" >
103-->src/main/AndroidManifest.xml:62:19-81
104            <intent-filter>
104-->src/main/AndroidManifest.xml:63:13-66:29
105                <action android:name="ae.servia.wear.action.VOICE" />
105-->src/main/AndroidManifest.xml:64:17-70
105-->src/main/AndroidManifest.xml:64:25-67
106
107                <category android:name="android.intent.category.DEFAULT" />
107-->src/main/AndroidManifest.xml:65:17-76
107-->src/main/AndroidManifest.xml:65:27-73
108            </intent-filter>
109        </activity>
110        <!-- v1.24.1: One-tap vehicle-recovery dispatch -->
111        <activity
111-->src/main/AndroidManifest.xml:69:9-77:20
112            android:name="ae.servia.wear.RecoveryActivity"
112-->src/main/AndroidManifest.xml:69:19-65
113            android:exported="true"
113-->src/main/AndroidManifest.xml:70:19-42
114            android:label="SOS Recovery"
114-->src/main/AndroidManifest.xml:71:19-47
115            android:theme="@android:style/Theme.DeviceDefault.Light.NoActionBar" >
115-->src/main/AndroidManifest.xml:72:19-87
116            <intent-filter>
116-->src/main/AndroidManifest.xml:73:13-76:29
117                <action android:name="ae.servia.wear.action.RECOVERY_SOS" />
117-->src/main/AndroidManifest.xml:74:17-77
117-->src/main/AndroidManifest.xml:74:25-74
118
119                <category android:name="android.intent.category.DEFAULT" />
119-->src/main/AndroidManifest.xml:65:17-76
119-->src/main/AndroidManifest.xml:65:27-73
120            </intent-filter>
121        </activity>
122        <!-- v1.24.4: First-run onboarding (phone + email) -->
123        <activity
123-->src/main/AndroidManifest.xml:79:9-83:64
124            android:name="ae.servia.wear.OnboardingActivity"
124-->src/main/AndroidManifest.xml:79:19-67
125            android:exported="false"
125-->src/main/AndroidManifest.xml:80:19-43
126            android:label="Welcome"
126-->src/main/AndroidManifest.xml:81:19-42
127            android:theme="@android:style/Theme.DeviceDefault.NoActionBar"
127-->src/main/AndroidManifest.xml:82:19-81
128            android:windowSoftInputMode="adjustResize" />
128-->src/main/AndroidManifest.xml:83:19-61
129        <!-- v1.24.15: MySos (user's custom shortcuts) + AllServices (8-svc grid) -->
130        <activity
130-->src/main/AndroidManifest.xml:85:9-89:64
131            android:name="ae.servia.wear.MySosActivity"
131-->src/main/AndroidManifest.xml:85:19-62
132            android:exported="true"
132-->src/main/AndroidManifest.xml:86:19-42
133            android:label="My Servia SOS"
133-->src/main/AndroidManifest.xml:87:19-48
134            android:theme="@android:style/Theme.DeviceDefault.NoActionBar"
134-->src/main/AndroidManifest.xml:88:19-81
135            android:windowSoftInputMode="adjustResize" />
135-->src/main/AndroidManifest.xml:89:19-61
136        <activity
136-->src/main/AndroidManifest.xml:90:9-93:84
137            android:name="ae.servia.wear.AllServicesActivity"
137-->src/main/AndroidManifest.xml:90:19-68
138            android:exported="true"
138-->src/main/AndroidManifest.xml:91:19-42
139            android:label="All services"
139-->src/main/AndroidManifest.xml:92:19-47
140            android:theme="@android:style/Theme.DeviceDefault.NoActionBar" />
140-->src/main/AndroidManifest.xml:93:19-81
141
142        <!-- v1.24.29: create custom SOS button on watch + per-slot dispatch + address -->
143        <activity
143-->src/main/AndroidManifest.xml:96:9-100:64
144            android:name="ae.servia.wear.CustomSosCreateActivity"
144-->src/main/AndroidManifest.xml:96:19-72
145            android:exported="true"
145-->src/main/AndroidManifest.xml:97:19-42
146            android:label="Create SOS"
146-->src/main/AndroidManifest.xml:98:19-45
147            android:theme="@android:style/Theme.DeviceDefault.NoActionBar"
147-->src/main/AndroidManifest.xml:99:19-81
148            android:windowSoftInputMode="adjustResize" />
148-->src/main/AndroidManifest.xml:100:19-61
149        <activity
149-->src/main/AndroidManifest.xml:101:9-104:84
150            android:name="ae.servia.wear.CustomSosSlotDispatchActivity"
150-->src/main/AndroidManifest.xml:101:19-78
151            android:exported="true"
151-->src/main/AndroidManifest.xml:102:19-42
152            android:label="SOS slot"
152-->src/main/AndroidManifest.xml:103:19-43
153            android:theme="@android:style/Theme.DeviceDefault.NoActionBar" />
153-->src/main/AndroidManifest.xml:104:19-81
154        <activity
154-->src/main/AndroidManifest.xml:105:9-108:84
155            android:name="ae.servia.wear.LocationActivity"
155-->src/main/AndroidManifest.xml:105:19-65
156            android:exported="true"
156-->src/main/AndroidManifest.xml:106:19-42
157            android:label="My address"
157-->src/main/AndroidManifest.xml:107:19-45
158            android:theme="@android:style/Theme.DeviceDefault.NoActionBar" />
158-->src/main/AndroidManifest.xml:108:19-81
159        <activity
159-->src/main/AndroidManifest.xml:109:9-121:20
160            android:name="ae.servia.wear.NfcScanActivity"
160-->src/main/AndroidManifest.xml:109:19-64
161            android:exported="true"
161-->src/main/AndroidManifest.xml:110:19-42
162            android:label="Scan NFC"
162-->src/main/AndroidManifest.xml:111:19-43
163            android:launchMode="singleTop"
163-->src/main/AndroidManifest.xml:113:19-49
164            android:theme="@android:style/Theme.DeviceDefault.NoActionBar" >
164-->src/main/AndroidManifest.xml:112:19-81
165            <intent-filter>
165-->src/main/AndroidManifest.xml:114:13-120:29
166                <action android:name="android.nfc.action.NDEF_DISCOVERED" />
166-->src/main/AndroidManifest.xml:115:17-77
166-->src/main/AndroidManifest.xml:115:25-74
167
168                <category android:name="android.intent.category.DEFAULT" />
168-->src/main/AndroidManifest.xml:65:17-76
168-->src/main/AndroidManifest.xml:65:27-73
169
170                <data
170-->src/main/AndroidManifest.xml:117:17-119:53
171                    android:host="servia.ae"
171-->src/main/AndroidManifest.xml:118:23-47
172                    android:pathPrefix="/csos/"
172-->src/main/AndroidManifest.xml:119:23-50
173                    android:scheme="https" />
173-->src/main/AndroidManifest.xml:117:23-45
174            </intent-filter>
175        </activity>
176        <activity
176-->src/main/AndroidManifest.xml:122:9-125:84
177            android:name="ae.servia.wear.ThemePickerActivity"
177-->src/main/AndroidManifest.xml:122:19-68
178            android:exported="true"
178-->src/main/AndroidManifest.xml:123:19-42
179            android:label="Theme"
179-->src/main/AndroidManifest.xml:124:19-40
180            android:theme="@android:style/Theme.DeviceDefault.NoActionBar" />
180-->src/main/AndroidManifest.xml:125:19-81
181
182        <!--
183             v1.24.33: Servia watch face (the dial itself) + companion editor.
184             10 curated presets (theme x layout) + 8 customizable slots
185             that can hold custom SOS shortcuts, click-to-talk, booking
186             ETA, address picker, weather/battery/steps complications.
187        -->
188        <activity
188-->src/main/AndroidManifest.xml:131:9-140:20
189            android:name="ae.servia.wear.watchface.WatchFaceEditorActivity"
189-->src/main/AndroidManifest.xml:131:19-82
190            android:exported="true"
190-->src/main/AndroidManifest.xml:132:19-42
191            android:label="Watch face editor"
191-->src/main/AndroidManifest.xml:133:19-52
192            android:theme="@android:style/Theme.DeviceDefault.NoActionBar" >
192-->src/main/AndroidManifest.xml:134:19-81
193            <intent-filter>
193-->src/main/AndroidManifest.xml:135:13-139:29
194                <action android:name="ae.servia.wear.watchface.CONFIG" />
194-->src/main/AndroidManifest.xml:136:17-74
194-->src/main/AndroidManifest.xml:136:25-71
195
196                <category android:name="com.google.android.wearable.watchface.category.WEARABLE_CONFIGURATION" />
196-->src/main/AndroidManifest.xml:137:17-114
196-->src/main/AndroidManifest.xml:137:27-111
197                <category android:name="android.intent.category.DEFAULT" />
197-->src/main/AndroidManifest.xml:65:17-76
197-->src/main/AndroidManifest.xml:65:27-73
198            </intent-filter>
199        </activity>
200
201        <!-- v1.24.43+45: 22 watch face services with WFF (Watch Face Format) property markers (Wear OS 5+ Jan 2025 mandate). -->
202
203        <service
203-->src/main/AndroidManifest.xml:144:9-173:19
204            android:name="ae.servia.wear.watchface.ServiaFace01BurjSunset"
204-->src/main/AndroidManifest.xml:145:13-75
205            android:directBootAware="true"
205-->src/main/AndroidManifest.xml:148:13-43
206            android:exported="true"
206-->src/main/AndroidManifest.xml:149:13-36
207            android:label="Servia · Burj Sunset"
207-->src/main/AndroidManifest.xml:146:13-49
208            android:permission="android.permission.BIND_WALLPAPER" >
208-->src/main/AndroidManifest.xml:147:13-67
209            <intent-filter>
209-->src/main/AndroidManifest.xml:150:13-153:29
210                <action android:name="android.service.wallpaper.WallpaperService" />
210-->src/main/AndroidManifest.xml:151:17-85
210-->src/main/AndroidManifest.xml:151:25-82
211
212                <category android:name="com.google.android.wearable.watchface.category.WATCH_FACE" />
212-->src/main/AndroidManifest.xml:152:17-102
212-->src/main/AndroidManifest.xml:152:27-99
213            </intent-filter>
214
215            <meta-data
215-->src/main/AndroidManifest.xml:154:13-156:63
216                android:name="com.google.android.wearable.watchface.preview"
216-->src/main/AndroidManifest.xml:155:17-77
217                android:resource="@drawable/wf_preview_p01" />
217-->src/main/AndroidManifest.xml:156:17-60
218            <meta-data
218-->src/main/AndroidManifest.xml:157:13-159:63
219                android:name="com.google.android.wearable.watchface.preview_circular"
219-->src/main/AndroidManifest.xml:158:17-86
220                android:resource="@drawable/wf_preview_p01" />
220-->src/main/AndroidManifest.xml:159:17-60
221            <meta-data
221-->src/main/AndroidManifest.xml:160:13-162:54
222                android:name="android.service.wallpaper"
222-->src/main/AndroidManifest.xml:161:17-57
223                android:resource="@xml/watch_face" />
223-->src/main/AndroidManifest.xml:162:17-51
224            <!--
225                 v1.24.45: WFF marker. Wear OS 5+ requires this property
226                 (since Jan 2025) for the face to appear in the system
227                 'Customize watch faces' picker. The actual face is
228                 declared in res/raw/watchface_pNN.xml.
229            -->
230            <property
230-->src/main/AndroidManifest.xml:167:13-169:37
231                android:name="com.google.wear.watchface.format.version"
231-->src/main/AndroidManifest.xml:168:17-72
232                android:value="1" />
232-->src/main/AndroidManifest.xml:169:17-34
233
234            <meta-data
234-->src/main/AndroidManifest.xml:170:13-172:57
235                android:name="com.google.wear.watchface.format.RESOURCES"
235-->src/main/AndroidManifest.xml:171:17-74
236                android:resource="@raw/watchface_p01" />
236-->src/main/AndroidManifest.xml:172:17-54
237        </service>
238        <service
238-->src/main/AndroidManifest.xml:175:9-204:19
239            android:name="ae.servia.wear.watchface.ServiaFace02MarinaNeon"
239-->src/main/AndroidManifest.xml:176:13-75
240            android:directBootAware="true"
240-->src/main/AndroidManifest.xml:179:13-43
241            android:exported="true"
241-->src/main/AndroidManifest.xml:180:13-36
242            android:label="Servia · Marina Neon"
242-->src/main/AndroidManifest.xml:177:13-49
243            android:permission="android.permission.BIND_WALLPAPER" >
243-->src/main/AndroidManifest.xml:178:13-67
244            <intent-filter>
244-->src/main/AndroidManifest.xml:150:13-153:29
245                <action android:name="android.service.wallpaper.WallpaperService" />
245-->src/main/AndroidManifest.xml:151:17-85
245-->src/main/AndroidManifest.xml:151:25-82
246
247                <category android:name="com.google.android.wearable.watchface.category.WATCH_FACE" />
247-->src/main/AndroidManifest.xml:152:17-102
247-->src/main/AndroidManifest.xml:152:27-99
248            </intent-filter>
249
250            <meta-data
250-->src/main/AndroidManifest.xml:154:13-156:63
251                android:name="com.google.android.wearable.watchface.preview"
251-->src/main/AndroidManifest.xml:155:17-77
252                android:resource="@drawable/wf_preview_p02" />
252-->src/main/AndroidManifest.xml:156:17-60
253            <meta-data
253-->src/main/AndroidManifest.xml:157:13-159:63
254                android:name="com.google.android.wearable.watchface.preview_circular"
254-->src/main/AndroidManifest.xml:158:17-86
255                android:resource="@drawable/wf_preview_p02" />
255-->src/main/AndroidManifest.xml:159:17-60
256            <meta-data
256-->src/main/AndroidManifest.xml:160:13-162:54
257                android:name="android.service.wallpaper"
257-->src/main/AndroidManifest.xml:161:17-57
258                android:resource="@xml/watch_face" />
258-->src/main/AndroidManifest.xml:162:17-51
259            <!--
260                 v1.24.45: WFF marker. Wear OS 5+ requires this property
261                 (since Jan 2025) for the face to appear in the system
262                 'Customize watch faces' picker. The actual face is
263                 declared in res/raw/watchface_pNN.xml.
264            -->
265            <property
265-->src/main/AndroidManifest.xml:167:13-169:37
266                android:name="com.google.wear.watchface.format.version"
266-->src/main/AndroidManifest.xml:168:17-72
267                android:value="1" />
267-->src/main/AndroidManifest.xml:169:17-34
268
269            <meta-data
269-->src/main/AndroidManifest.xml:170:13-172:57
270                android:name="com.google.wear.watchface.format.RESOURCES"
270-->src/main/AndroidManifest.xml:171:17-74
271                android:resource="@raw/watchface_p02" />
271-->src/main/AndroidManifest.xml:172:17-54
272        </service>
273        <service
273-->src/main/AndroidManifest.xml:206:9-235:19
274            android:name="ae.servia.wear.watchface.ServiaFace03DesertPremium"
274-->src/main/AndroidManifest.xml:207:13-78
275            android:directBootAware="true"
275-->src/main/AndroidManifest.xml:210:13-43
276            android:exported="true"
276-->src/main/AndroidManifest.xml:211:13-36
277            android:label="Servia · Desert Premium"
277-->src/main/AndroidManifest.xml:208:13-52
278            android:permission="android.permission.BIND_WALLPAPER" >
278-->src/main/AndroidManifest.xml:209:13-67
279            <intent-filter>
279-->src/main/AndroidManifest.xml:150:13-153:29
280                <action android:name="android.service.wallpaper.WallpaperService" />
280-->src/main/AndroidManifest.xml:151:17-85
280-->src/main/AndroidManifest.xml:151:25-82
281
282                <category android:name="com.google.android.wearable.watchface.category.WATCH_FACE" />
282-->src/main/AndroidManifest.xml:152:17-102
282-->src/main/AndroidManifest.xml:152:27-99
283            </intent-filter>
284
285            <meta-data
285-->src/main/AndroidManifest.xml:154:13-156:63
286                android:name="com.google.android.wearable.watchface.preview"
286-->src/main/AndroidManifest.xml:155:17-77
287                android:resource="@drawable/wf_preview_p03" />
287-->src/main/AndroidManifest.xml:156:17-60
288            <meta-data
288-->src/main/AndroidManifest.xml:157:13-159:63
289                android:name="com.google.android.wearable.watchface.preview_circular"
289-->src/main/AndroidManifest.xml:158:17-86
290                android:resource="@drawable/wf_preview_p03" />
290-->src/main/AndroidManifest.xml:159:17-60
291            <meta-data
291-->src/main/AndroidManifest.xml:160:13-162:54
292                android:name="android.service.wallpaper"
292-->src/main/AndroidManifest.xml:161:17-57
293                android:resource="@xml/watch_face" />
293-->src/main/AndroidManifest.xml:162:17-51
294            <!--
295                 v1.24.45: WFF marker. Wear OS 5+ requires this property
296                 (since Jan 2025) for the face to appear in the system
297                 'Customize watch faces' picker. The actual face is
298                 declared in res/raw/watchface_pNN.xml.
299            -->
300            <property
300-->src/main/AndroidManifest.xml:167:13-169:37
301                android:name="com.google.wear.watchface.format.version"
301-->src/main/AndroidManifest.xml:168:17-72
302                android:value="1" />
302-->src/main/AndroidManifest.xml:169:17-34
303
304            <meta-data
304-->src/main/AndroidManifest.xml:170:13-172:57
305                android:name="com.google.wear.watchface.format.RESOURCES"
305-->src/main/AndroidManifest.xml:171:17-74
306                android:resource="@raw/watchface_p03" />
306-->src/main/AndroidManifest.xml:172:17-54
307        </service>
308        <service
308-->src/main/AndroidManifest.xml:237:9-266:19
309            android:name="ae.servia.wear.watchface.ServiaFace04SportPulse"
309-->src/main/AndroidManifest.xml:238:13-75
310            android:directBootAware="true"
310-->src/main/AndroidManifest.xml:241:13-43
311            android:exported="true"
311-->src/main/AndroidManifest.xml:242:13-36
312            android:label="Servia · Sport Pulse"
312-->src/main/AndroidManifest.xml:239:13-49
313            android:permission="android.permission.BIND_WALLPAPER" >
313-->src/main/AndroidManifest.xml:240:13-67
314            <intent-filter>
314-->src/main/AndroidManifest.xml:150:13-153:29
315                <action android:name="android.service.wallpaper.WallpaperService" />
315-->src/main/AndroidManifest.xml:151:17-85
315-->src/main/AndroidManifest.xml:151:25-82
316
317                <category android:name="com.google.android.wearable.watchface.category.WATCH_FACE" />
317-->src/main/AndroidManifest.xml:152:17-102
317-->src/main/AndroidManifest.xml:152:27-99
318            </intent-filter>
319
320            <meta-data
320-->src/main/AndroidManifest.xml:154:13-156:63
321                android:name="com.google.android.wearable.watchface.preview"
321-->src/main/AndroidManifest.xml:155:17-77
322                android:resource="@drawable/wf_preview_p04" />
322-->src/main/AndroidManifest.xml:156:17-60
323            <meta-data
323-->src/main/AndroidManifest.xml:157:13-159:63
324                android:name="com.google.android.wearable.watchface.preview_circular"
324-->src/main/AndroidManifest.xml:158:17-86
325                android:resource="@drawable/wf_preview_p04" />
325-->src/main/AndroidManifest.xml:159:17-60
326            <meta-data
326-->src/main/AndroidManifest.xml:160:13-162:54
327                android:name="android.service.wallpaper"
327-->src/main/AndroidManifest.xml:161:17-57
328                android:resource="@xml/watch_face" />
328-->src/main/AndroidManifest.xml:162:17-51
329            <!--
330                 v1.24.45: WFF marker. Wear OS 5+ requires this property
331                 (since Jan 2025) for the face to appear in the system
332                 'Customize watch faces' picker. The actual face is
333                 declared in res/raw/watchface_pNN.xml.
334            -->
335            <property
335-->src/main/AndroidManifest.xml:167:13-169:37
336                android:name="com.google.wear.watchface.format.version"
336-->src/main/AndroidManifest.xml:168:17-72
337                android:value="1" />
337-->src/main/AndroidManifest.xml:169:17-34
338
339            <meta-data
339-->src/main/AndroidManifest.xml:170:13-172:57
340                android:name="com.google.wear.watchface.format.RESOURCES"
340-->src/main/AndroidManifest.xml:171:17-74
341                android:resource="@raw/watchface_p04" />
341-->src/main/AndroidManifest.xml:172:17-54
342        </service>
343        <service
343-->src/main/AndroidManifest.xml:268:9-297:19
344            android:name="ae.servia.wear.watchface.ServiaFace05EmergencyRed"
344-->src/main/AndroidManifest.xml:269:13-77
345            android:directBootAware="true"
345-->src/main/AndroidManifest.xml:272:13-43
346            android:exported="true"
346-->src/main/AndroidManifest.xml:273:13-36
347            android:label="Servia · Emergency Red"
347-->src/main/AndroidManifest.xml:270:13-51
348            android:permission="android.permission.BIND_WALLPAPER" >
348-->src/main/AndroidManifest.xml:271:13-67
349            <intent-filter>
349-->src/main/AndroidManifest.xml:150:13-153:29
350                <action android:name="android.service.wallpaper.WallpaperService" />
350-->src/main/AndroidManifest.xml:151:17-85
350-->src/main/AndroidManifest.xml:151:25-82
351
352                <category android:name="com.google.android.wearable.watchface.category.WATCH_FACE" />
352-->src/main/AndroidManifest.xml:152:17-102
352-->src/main/AndroidManifest.xml:152:27-99
353            </intent-filter>
354
355            <meta-data
355-->src/main/AndroidManifest.xml:154:13-156:63